<?xml version="1.0" encoding="UTF-8" ?>
<testsuite tests="10" failures="0" name="vyadrov.HomeworkLesson5.TestHomeworkLesson5" time="0" errors="0" skipped="0">
  <properties>
[...]
</properties>
  <testcase classname="vyadrov.HomeworkLesson5.TestHomeworkLesson5" name="Testcalculate" time="0"/>
  <testcase classname="vyadrov.HomeworkLesson5.TestHomeworkLesson5" name="TesrightAngledTriangleCheck" time="0"/>
  <testcase classname="vyadrov.HomeworkLesson5.TestHomeworkLesson5" name="TesrightAngledTriangleCheckNotNull" time="0"/>
  <testcase classname="vyadrov.HomeworkLesson5.TestHomeworkLesson5" name="TestcalculateBiggerFalse1" time="0"/>
  <testcase classname="vyadrov.HomeworkLesson5.TestHomeworkLesson5" name="TestcalculateBiggerFalse2" time="0"/>
  <testcase classname="vyadrov.HomeworkLesson5.TestHomeworkLesson5" name="TestcalculateBigger" time="0"/>
  <testcase classname="vyadrov.HomeworkLesson5.TestHomeworkLesson5" name="TestcalculateFalse" time="0"/>
  <testcase classname="vyadrov.HomeworkLesson5.TestHomeworkLesson5" name="TestcalculateBigger1" time="0"/>
  <testcase classname="vyadrov.HomeworkLesson5.TestHomeworkLesson5" name="TestcalculateBiggerNotNull" time="0"/>
  <testcase classname="vyadrov.HomeworkLesson5.TestHomeworkLesson5" name="TesrightAngledTriangleCheckFalse" time="0"/>
</testsuite>